<!DOCTYPE html PUBLIC "-//W3C//DTD XHTML 1.1//EN" "http://www.w3.org/TR/xhtml11/DTD/xhtml11.dtd">
<html xmlns="http://www.w3.org/1999/xhtml"><head><title>TestNG Report</title><style type="text/css">table {margin-bottom:10px;border-collapse:collapse;empty-cells:show}th,td {border:1px solid #009;padding:.25em .5em}th {vertical-align:bottom}td {vertical-align:top}table a {font-weight:bold}.stripe td {background-color: #E6EBF9}.num {text-align:right}.passedodd td {background-color: #3F3}.passedeven td {background-color: #0A0}.skippedodd td {background-color: #DDD}.skippedeven td {background-color: #CCC}.failedodd td,.attn {background-color: #F33}.failedeven td,.stripe .attn {background-color: #D00}.stacktrace {white-space:pre;font-family:monospace}.totop {font-size:85%;text-align:center;border-bottom:2px solid #000}</style></head><body><table><tr><th>Test</th><th># Passed</th><th># Skipped</th><th># Failed</th><th>Time (ms)</th><th>Included Groups</th><th>Excluded Groups</th></tr><tr><th colspan="7">TestSuite</th></tr><tr><td><a href="#t0">test1</a></td><td class="num">0</td><td class="num">0</td><td class="num attn">1</td><td class="num">9,393</td><td></td><td></td></tr><tr class="stripe"><td><a href="#t1">test2</a></td><td class="num">1</td><td class="num">0</td><td class="num">0</td><td class="num">3</td><td></td><td></td></tr><tr><td><a href="#t2">test3</a></td><td class="num">0</td><td class="num attn">1</td><td class="num">0</td><td class="num">4</td><td></td><td></td></tr><tr><th>Total</th><th class="num">1</th><th class="num attn">1</th><th class="num attn">1</th><th class="num">9,400</th><th colspan="2"></th></tr></table><table><thead><tr><th>Class</th><th>Method</th><th>Start</th><th>Time (ms)</th></tr></thead><tbody><tr><th colspan="4">TestSuite</th></tr></tbody><tbody id="t0"><tr><th colspan="4">test1 &#8212; failed</th></tr><tr class="failedeven"><td rowspan="1">Scripts.AppTest</td><td><a href="#m0">AppTestDemo</a></td><td rowspan="1">1419855818259</td><td rowspan="1">3246</td></tr></tbody><tbody id="t1"><tr><th colspan="4">test2 &#8212; passed</th></tr><tr class="passedeven"><td rowspan="1">Scripts.GoogleTest</td><td><a href="#m1">MyGoogleDemo</a></td><td rowspan="1">1419855821882</td><td rowspan="1">1</td></tr></tbody><tbody id="t2"><tr><th colspan="4">test3 &#8212; skipped</th></tr><tr class="skippedeven"><td rowspan="1">Scripts.TestClass</td><td><a href="#m2">SampleTest</a></td><td rowspan="1">1419855821891</td><td rowspan="1">1</td></tr></tbody></table><h2>test1</h2><h3 id="m0">Scripts.AppTest#AppTestDemo</h3><table class="result"><tr><th>Exception</th></tr><tr><td><div class="stacktrace">java.lang.AssertionError: expected [Google] but found [Google1]
	at Scripts.AppTest.AppTestDemo(AppTest.java:41)
... Removed 29 stack frames</div></td></tr></table><p class="totop"><a href="#summary">back to summary</a></p><h2>test2</h2><h3 id="m1">Scripts.GoogleTest#MyGoogleDemo</h3><table class="result"></table><p class="totop"><a href="#summary">back to summary</a></p><h2>test3</h2><h3 id="m2">Scripts.TestClass#SampleTest</h3><table class="result"><tr><th>Exception</th></tr><tr><td><div class="stacktrace">org.testng.SkipException: Using HSQL will fail this test. aborting...
	at Scripts.TestClass.SampleTest(TestClass.java:17)
... Removed 24 stack frames</div></td></tr></table><p class="totop"><a href="#summary">back to summary</a></p></body></html>